<?xml version="1.0" encoding="UTF-8"?>
<!-- Generated by org.testng.reporters.JUnitXMLReporter -->
<testsuite hostname="QA-Imran" ignored="0" name="Default test" tests="2" failures="0" timestamp="03 Sep 2018 07:38:05 GMT" time="50.179" errors="0">
  <testcase name="testSearchResultsBreadcrumb" time="0.051" classname="com.amazon.qa.testcases.SearchResultsPageTest"/>
  <testcase name="testSortResultsByLowToHighPrice" time="1.917" classname="com.amazon.qa.testcases.SearchResultsPageTest"/>
</testsuite> <!-- Default test -->
