<?xml version="1.0" encoding="UTF-8"?>
<!-- Generated by org.testng.reporters.JUnitXMLReporter -->
<testsuite hostname="QA-Imran" ignored="0" name="Regression Suite" tests="6" failures="0" timestamp="03 Sep 2018 11:47:25 GMT" time="339.917" errors="0">
  <testcase name="testLandingPageTitle" time="0.027" classname="com.amazon.qa.testcases.LandingPageTest"/>
  <testcase name="testNavigationToLoginPage" time="13.132" classname="com.amazon.qa.testcases.LandingPageTest"/>
  <testcase name="testLogin" time="27.247" classname="com.amazon.qa.testcases.LoginPageTest"/>
  <testcase name="testLoginPageTitle" time="0.011" classname="com.amazon.qa.testcases.LoginPageTest"/>
  <testcase name="testSearchResultsBreadcrumb" time="0.044" classname="com.amazon.qa.testcases.SearchResultsPageTest"/>
  <testcase name="testSortResultsByLowToHighPrice" time="6.357" classname="com.amazon.qa.testcases.SearchResultsPageTest"/>
</testsuite> <!-- Regression Suite -->
