<?xml version="1.0" encoding="UTF-8"?>
<!-- Generated by org.testng.reporters.JUnitXMLReporter -->
<testsuite hostname="QA-Imran" ignored="0" name="Regression Suite" tests="2" failures="0" timestamp="05 Sep 2018 13:51:16 GMT" time="49.401" errors="0">
  <testcase name="testLandingPageTitle" time="0.135" classname="com.amazon.qa.testcases.LandingPageTest"/>
  <testcase name="testNavigationToLoginPage" time="7.732" classname="com.amazon.qa.testcases.LandingPageTest"/>
</testsuite> <!-- Regression Suite -->
