<?xml version="1.0" encoding="UTF-8"?>
<testng-results skipped="0" failed="0" ignored="2" total="3" passed="1">
  <reporter-output>
  </reporter-output>
  <suite name="Default suite" duration-ms="26838" started-at="2018-09-05T09:57:13Z" finished-at="2018-09-05T09:57:39Z">
    <groups>
    </groups>
    <test name="Default test" duration-ms="26838" started-at="2018-09-05T09:57:13Z" finished-at="2018-09-05T09:57:39Z">
      <class name="com.amazon.qa.testcases.SearchResultsPageTest">
        <test-method status="PASS" signature="setUp()[pri:0, instance:com.amazon.qa.testcases.SearchResultsPageTest@4a87761d]" name="setUp" is-config="true" duration-ms="15919" started-at="2018-09-05T09:57:13Z" finished-at="2018-09-05T09:57:28Z">
          <reporter-output>
          </reporter-output>
        </test-method> <!-- setUp -->
        <test-method status="PASS" signature="testSearchResultsBreadcrumb()[pri:0, instance:com.amazon.qa.testcases.SearchResultsPageTest@4a87761d]" name="testSearchResultsBreadcrumb" duration-ms="8248" started-at="2018-09-05T09:57:28Z" finished-at="2018-09-05T09:57:37Z">
          <reporter-output>
          </reporter-output>
        </test-method> <!-- testSearchResultsBreadcrumb -->
        <test-method status="PASS" signature="teardown()[pri:0, instance:com.amazon.qa.testcases.SearchResultsPageTest@4a87761d]" name="teardown" is-config="true" duration-ms="2649" started-at="2018-09-05T09:57:37Z" finished-at="2018-09-05T09:57:39Z">
          <reporter-output>
          </reporter-output>
        </test-method> <!-- teardown -->
      </class> <!-- com.amazon.qa.testcases.SearchResultsPageTest -->
    </test> <!-- Default test -->
  </suite> <!-- Default suite -->
</testng-results>
